{"numTotalTestSuites":135,"numPassedTestSuites":135,"numFailedTestSuites":0,"numPendingTestSuites":0,"numTotalTests":306,"numPassedTests":306,"numFailedTests":0,"numPendingTests":0,"numTodoTests":0,"snapshot":{"added":0,"failure":false,"filesAdded":0,"filesRemoved":0,"filesRemovedList":[],"filesUnmatched":0,"filesUpdated":0,"matched":0,"total":0,"unchecked":0,"uncheckedKeysByFile":[],"unmatched":0,"updated":0,"didUpdate":false},"startTime":1786852477433,"success":true,"testResults":[{"assertionResults":[{"ancestorTitles":["brandDisputes.list (mock mode)"],"fullName":"brandDisputes.list (mock mode) runs in mock mode under vitest (no VITE_API_MODE=live)","status":"passed","title":"runs in mock mode under vitest (no VITE_API_MODE=live)","duration":3.3630000000002838,"failureMessages":[],"meta":{}},{"ancestorTitles":["brandDisputes.list (mock mode)"],"fullName":"brandDisputes.list (mock mode) returns demo rows with lifecycle fields populated","status":"passed","title":"returns demo rows with lifecycle fields populated","duration":414.2611999999999,"failureMessages":[],"meta":{}}],"startTime":1786852562040,"endTime":1786852562457.2612,"status":"passed","message":"","name":"C:/Users/Sage world/Downloads/New Influora Ai/New Influora/src/lib/brand-disputes-api.test.ts"},{"assertionResults":[{"ancestorTitles":["mapDealToDealsPageRow (P0 creator-deals crash regression)"],"fullName":"mapDealToDealsPageRow (P0 creator-deals crash regression) maps the live API Deal shape onto the page view model — no undefined fields","status":"passed","title":"maps the live API Deal shape onto the page view model — no undefined fields","duration":7.82799999999952,"failureMessages":[],"meta":{}},{"ancestorTitles":["mapDealToDealsPageRow (P0 creator-deals crash regression)"],"fullName":"mapDealToDealsPageRow (P0 creator-deals crash regression) normalizes the uppercase server enum to the lowercase UI status union","status":"passed","title":"normalizes the uppercase server enum to the lowercase UI status union","duration":1.0644999999985885,"failureMessages":[],"meta":{}},{"ancestorTitles":["mapDealToDealsPageRow (P0 creator-deals crash regression)"],"fullName":"mapDealToDealsPageRow (P0 creator-deals crash regression) sets API-absent optional fields to explicit undefined (honest empty state)","status":"passed","title":"sets API-absent optional fields to explicit undefined (honest empty state)","duration":0.8356999999996333,"failureMessages":[],"meta":{}},{"ancestorTitles":["mapDealToDealsPageRow (P0 creator-deals crash regression)"],"fullName":"mapDealToDealsPageRow (P0 creator-deals crash regression) renders avatar initials without throwing (the exact crash site)","status":"passed","title":"renders avatar initials without throwing (the exact crash site)","duration":4.370499999999083,"failureMessages":[],"meta":{}},{"ancestorTitles":["getInitials (null-safe hardening)"],"fullName":"getInitials (null-safe hardening) returns empty string for null/undefined instead of throwing","status":"passed","title":"returns empty string for null/undefined instead of throwing","duration":2.0666999999994005,"failureMessages":[],"meta":{}},{"ancestorTitles":["getInitials (null-safe hardening)"],"fullName":"getInitials (null-safe hardening) still produces initials for real names","status":"passed","title":"still produces initials for real names","duration":0.7441999999991822,"failureMessages":[],"meta":{}},{"ancestorTitles":["mapCollaborationStatusToDealStage (CR-05 — one mapping, mirroring the server)"],"fullName":"mapCollaborationStatusToDealStage (CR-05 — one mapping, mirroring the server) maps INVITED -> new","status":"passed","title":"maps INVITED -> new","duration":0.5071000000007189,"failureMessages":[],"meta":{}},{"ancestorTitles":["mapCollaborationStatusToDealStage (CR-05 — one mapping, mirroring the server)"],"fullName":"mapCollaborationStatusToDealStage (CR-05 — one mapping, mirroring the server) maps APPLIED -> negotiating","status":"passed","title":"maps APPLIED -> negotiating","duration":0.27549999999973807,"failureMessages":[],"meta":{}},{"ancestorTitles":["mapCollaborationStatusToDealStage (CR-05 — one mapping, mirroring the server)"],"fullName":"mapCollaborationStatusToDealStage (CR-05 — one mapping, mirroring the server) maps SHORTLISTED -> negotiating","status":"passed","title":"maps SHORTLISTED -> negotiating","duration":1.1926999999996042,"failureMessages":[],"meta":{}},{"ancestorTitles":["mapCollaborationStatusToDealStage (CR-05 — one mapping, mirroring the server)"],"fullName":"mapCollaborationStatusToDealStage (CR-05 — one mapping, mirroring the server) maps IN_NEGOTIATION -> negotiating","status":"passed","title":"maps IN_NEGOTIATION -> negotiating","duration":0.761000000000422,"failureMessages":[],"meta":{}},{"ancestorTitles":["mapCollaborationStatusToDealStage (CR-05 — one mapping, mirroring the server)"],"fullName":"mapCollaborationStatusToDealStage (CR-05 — one mapping, mirroring the server) maps TERMS_AGREED -> negotiating","status":"passed","title":"maps TERMS_AGREED -> negotiating","duration":0.8312999999998283,"failureMessages":[],"meta":{}},{"ancestorTitles":["mapCollaborationStatusToDealStage (CR-05 — one mapping, mirroring the server)"],"fullName":"mapCollaborationStatusToDealStage (CR-05 — one mapping, mirroring the server) maps CONTRACT_PENDING -> contracted","status":"passed","title":"maps CONTRACT_PENDING -> contracted","duration":0.4298000000017055,"failureMessages":[],"meta":{}},{"ancestorTitles":["mapCollaborationStatusToDealStage (CR-05 — one mapping, mirroring the server)"],"fullName":"mapCollaborationStatusToDealStage (CR-05 — one mapping, mirroring the server) maps CONTRACTED -> contracted","status":"passed","title":"maps CONTRACTED -> contracted","duration":0.34470000000146683,"failureMessages":[],"meta":{}},{"ancestorTitles":["mapCollaborationStatusToDealStage (CR-05 — one mapping, mirroring the server)"],"fullName":"mapCollaborationStatusToDealStage (CR-05 — one mapping, mirroring the server) maps IN_PROGRESS -> in_progress","status":"passed","title":"maps IN_PROGRESS -> in_progress","duration":0.3305000000000291,"failureMessages":[],"meta":{}},{"ancestorTitles":["mapCollaborationStatusToDealStage (CR-05 — one mapping, mirroring the server)"],"fullName":"mapCollaborationStatusToDealStage (CR-05 — one mapping, mirroring the server) maps REVIEW_PENDING -> review","status":"passed","title":"maps REVIEW_PENDING -> review","duration":0.33139999999912106,"failureMessages":[],"meta":{}},{"ancestorTitles":["mapCollaborationStatusToDealStage (CR-05 — one mapping, mirroring the server)"],"fullName":"mapCollaborationStatusToDealStage (CR-05 — one mapping, mirroring the server) maps REVISION_REQUESTED -> review","status":"passed","title":"maps REVISION_REQUESTED -> review","duration":0.44540000000051805,"failureMessages":[],"meta":{}},{"ancestorTitles":["mapCollaborationStatusToDealStage (CR-05 — one mapping, mirroring the server)"],"fullName":"mapCollaborationStatusToDealStage (CR-05 — one mapping, mirroring the server) maps COMPLETED -> completed","status":"passed","title":"maps COMPLETED -> completed","duration":0.25610000000051514,"failureMessages":[],"meta":{}},{"ancestorTitles":["mapCollaborationStatusToDealStage (CR-05 — one mapping, mirroring the server)"],"fullName":"mapCollaborationStatusToDealStage (CR-05 — one mapping, mirroring the server) maps CANCELLED -> disputed","status":"passed","title":"maps CANCELLED -> disputed","duration":0.16479999999864958,"failureMessages":[],"meta":{}},{"ancestorTitles":["mapCollaborationStatusToDealStage (CR-05 — one mapping, mirroring the server)"],"fullName":"mapCollaborationStatusToDealStage (CR-05 — one mapping, mirroring the server) maps DISPUTED -> disputed","status":"passed","title":"maps DISPUTED -> disputed","duration":0.13979999999901338,"failureMessages":[],"meta":{}},{"ancestorTitles":["mapCollaborationStatusToDealStage (CR-05 — one mapping, mirroring the server)"],"fullName":"mapCollaborationStatusToDealStage (CR-05 — one mapping, mirroring the server) covers every status in the backend enum — no silent default fallthrough","status":"passed","title":"covers every status in the backend enum — no silent default fallthrough","duration":2.8325999999997293,"failureMessages":[],"meta":{}},{"ancestorTitles":["mapCollaborationStatusToDealStage (CR-05 — one mapping, mirroring the server)"],"fullName":"mapCollaborationStatusToDealStage (CR-05 — one mapping, mirroring the server) keeps TERMS_AGREED out of \"contracted\" — no contract row exists yet","status":"passed","title":"keeps TERMS_AGREED out of \"contracted\" — no contract row exists yet","duration":0.5674999999991996,"failureMessages":[],"meta":{}},{"ancestorTitles":["mapCollaborationStatusToDealStage (CR-05 — one mapping, mirroring the server)"],"fullName":"mapCollaborationStatusToDealStage (CR-05 — one mapping, mirroring the server) gives the deals list and the deal room the same stage for one deal","status":"passed","title":"gives the deals list and the deal room the same stage for one deal","duration":81.94490000000042,"failureMessages":[],"meta":{}},{"ancestorTitles":["mapCollaborationStatusToDealStage (CR-05 — one mapping, mirroring the server)"],"fullName":"mapCollaborationStatusToDealStage (CR-05 — one mapping, mirroring the server) never reports a disputed or cancelled deal as completed","status":"passed","title":"never reports a disputed or cancelled deal as completed","duration":1.8132999999997992,"failureMessages":[],"meta":{}},{"ancestorTitles":["mapCollaborationStatusToDealStage (CR-24 — brand and creator agree)"],"fullName":"mapCollaborationStatusToDealStage (CR-24 — brand and creator agree) puts TERMS_AGREED pre-contract, which is where the brand room now reads it too","status":"passed","title":"puts TERMS_AGREED pre-contract, which is where the brand room now reads it too","duration":0.6408999999985099,"failureMessages":[],"meta":{}},{"ancestorTitles":["mapCollaborationStatusToDealStage (CR-24 — brand and creator agree)"],"fullName":"mapCollaborationStatusToDealStage (CR-24 — brand and creator agree) is re-exported from creator-deal-mappers, so the creator imports are unchanged","status":"passed","title":"is re-exported from creator-deal-mappers, so the creator imports are unchanged","duration":1.9245000000009895,"failureMessages":[],"meta":{}},{"ancestorTitles":["mapDealToChatRoom (CR-02 gate input)"],"fullName":"mapDealToChatRoom (CR-02 gate input) carries the raw collaborationStatus through untouched","status":"passed","title":"carries the raw collaborationStatus through untouched","duration":1.4633999999987282,"failureMessages":[],"meta":{}},{"ancestorTitles":["brandVerified (M-1 — real verification status, not a hardcoded true)"],"fullName":"brandVerified (M-1 — real verification status, not a hardcoded true) mapDealToChatRoom: true only for VERIFIED","status":"passed","title":"mapDealToChatRoom: true only for VERIFIED","duration":1.725399999999354,"failureMessages":[],"meta":{}},{"ancestorTitles":["brandVerified (M-1 — real verification status, not a hardcoded true)"],"fullName":"brandVerified (M-1 — real verification status, not a hardcoded true) mapDealToChatRoom: false for UNVERIFIED","status":"passed","title":"mapDealToChatRoom: false for UNVERIFIED","duration":1.5411000000003696,"failureMessages":[],"meta":{}},{"ancestorTitles":["brandVerified (M-1 — real verification status, not a hardcoded true)"],"fullName":"brandVerified (M-1 — real verification status, not a hardcoded true) mapDealToChatRoom: false for PENDING","status":"passed","title":"mapDealToChatRoom: false for PENDING","duration":0.8163999999997031,"failureMessages":[],"meta":{}},{"ancestorTitles":["brandVerified (M-1 — real verification status, not a hardcoded true)"],"fullName":"brandVerified (M-1 — real verification status, not a hardcoded true) mapDealToChatRoom: false for REJECTED","status":"passed","title":"mapDealToChatRoom: false for REJECTED","duration":1.0213000000003376,"failureMessages":[],"meta":{}},{"ancestorTitles":["brandVerified (M-1 — real verification status, not a hardcoded true)"],"fullName":"brandVerified (M-1 — real verification status, not a hardcoded true) mapDealToChatRoom: false for null","status":"passed","title":"mapDealToChatRoom: false for null","duration":0.8858999999993102,"failureMessages":[],"meta":{}},{"ancestorTitles":["brandVerified (M-1 — real verification status, not a hardcoded true)"],"fullName":"brandVerified (M-1 — real verification status, not a hardcoded true) mapDealToDealsPageRow: true only for VERIFIED","status":"passed","title":"mapDealToDealsPageRow: true only for VERIFIED","duration":0.6270000000004075,"failureMessages":[],"meta":{}},{"ancestorTitles":["brandVerified (M-1 — real verification status, not a hardcoded true)"],"fullName":"brandVerified (M-1 — real verification status, not a hardcoded true) mapDealToDealsPageRow: false for UNVERIFIED","status":"passed","title":"mapDealToDealsPageRow: false for UNVERIFIED","duration":0.5931000000000495,"failureMessages":[],"meta":{}},{"ancestorTitles":["brandVerified (M-1 — real verification status, not a hardcoded true)"],"fullName":"brandVerified (M-1 — real verification status, not a hardcoded true) mapDealToDealsPageRow: false for PENDING","status":"passed","title":"mapDealToDealsPageRow: false for PENDING","duration":0.5041000000001077,"failureMessages":[],"meta":{}},{"ancestorTitles":["brandVerified (M-1 — real verification status, not a hardcoded true)"],"fullName":"brandVerified (M-1 — real verification status, not a hardcoded true) mapDealToDealsPageRow: false for REJECTED","status":"passed","title":"mapDealToDealsPageRow: false for REJECTED","duration":0.34319999999934225,"failureMessages":[],"meta":{}},{"ancestorTitles":["brandVerified (M-1 — real verification status, not a hardcoded true)"],"fullName":"brandVerified (M-1 — real verification status, not a hardcoded true) mapDealToDealsPageRow: false for null","status":"passed","title":"mapDealToDealsPageRow: false for null","duration":0.3526000000001659,"failureMessages":[],"meta":{}}],"startTime":1786852567792,"endTime":1786852567919.3525,"status":"passed","message":"","name":"C:/Users/Sage world/Downloads/New Influora Ai/New Influora/src/lib/creator-deal-mappers.test.ts"},{"assertionResults":[{"ancestorTitles":["creatorDisputes.list (mock mode)"],"fullName":"creatorDisputes.list (mock mode) runs in mock mode under vitest (no VITE_API_MODE=live)","status":"passed","title":"runs in mock mode under vitest (no VITE_API_MODE=live)","duration":8.898799999999937,"failureMessages":[],"meta":{}},{"ancestorTitles":["creatorDisputes.list (mock mode)"],"fullName":"creatorDisputes.list (mock mode) returns demo rows with lifecycle fields populated","status":"passed","title":"returns demo rows with lifecycle fields populated","duration":419.47460000000046,"failureMessages":[],"meta":{}},{"ancestorTitles":["creatorDisputes.list (mock mode)"],"fullName":"creatorDisputes.list (mock mode) lists eligible deals for open-dispute in mock mode","status":"passed","title":"lists eligible deals for open-dispute in mock mode","duration":409.83690000000024,"failureMessages":[],"meta":{}}],"startTime":1786852549519,"endTime":1786852550357.837,"status":"passed","message":"","name":"C:/Users/Sage world/Downloads/New Influora Ai/New Influora/src/lib/creator-disputes-api.test.ts"},{"assertionResults":[{"ancestorTitles":["meeraApi.speak (lang param)"],"fullName":"meeraApi.speak (lang param) includes `lang` in the POST body when the caller supplies a detected language","status":"passed","title":"includes `lang` in the POST body when the caller supplies a detected language","duration":35.45249999999942,"failureMessages":[],"meta":{}},{"ancestorTitles":["meeraApi.speak (lang param)"],"fullName":"meeraApi.speak (lang param) omits `lang` entirely when the caller has no detection, so the backend default (en-IN) applies","status":"passed","title":"omits `lang` entirely when the caller has no detection, so the backend default (en-IN) applies","duration":5.406800000000658,"failureMessages":[],"meta":{}}],"startTime":1786852568547,"endTime":1786852568588.4067,"status":"passed","message":"","name":"C:/Users/Sage world/Downloads/New Influora Ai/New Influora/src/lib/meera-api.speak-lang.test.ts"},{"assertionResults":[{"ancestorTitles":["runwayTone (F-0099)"],"fullName":"runwayTone (F-0099) treats a null (unknown / dormant / no-spend) runway as healthy — never critical","status":"passed","title":"treats a null (unknown / dormant / no-spend) runway as healthy — never critical","duration":4.567300000000614,"failureMessages":[],"meta":{}},{"ancestorTitles":["runwayTone (F-0099)"],"fullName":"runwayTone (F-0099) still raises a real alarm on a genuinely computed low numeric runway","status":"passed","title":"still raises a real alarm on a genuinely computed low numeric runway","duration":2.2242999999998574,"failureMessages":[],"meta":{}},{"ancestorTitles":["runwayTone (F-0099)"],"fullName":"runwayTone (F-0099) classifies the warning band (14–29 days)","status":"passed","title":"classifies the warning band (14–29 days)","duration":1.4621999999999389,"failureMessages":[],"meta":{}},{"ancestorTitles":["runwayTone (F-0099)"],"fullName":"runwayTone (F-0099) classifies a comfortable runway as healthy","status":"passed","title":"classifies a comfortable runway as healthy","duration":1.3972999999996318,"failureMessages":[],"meta":{}},{"ancestorTitles":["runwayTone (F-0099)"],"fullName":"runwayTone (F-0099) the null case is distinct from 0 — the exact distinction the bug collapsed","status":"passed","title":"the null case is distinct from 0 — the exact distinction the bug collapsed","duration":4.696600000000217,"failureMessages":[],"meta":{}},{"ancestorTitles":["walletRunwayHealth (F-0103)"],"fullName":"walletRunwayHealth (F-0103) treats a null (unknown / dormant) runway as healthy — never critical","status":"passed","title":"treats a null (unknown / dormant) runway as healthy — never critical","duration":1.2199000000000524,"failureMessages":[],"meta":{}},{"ancestorTitles":["walletRunwayHealth (F-0103)"],"fullName":"walletRunwayHealth (F-0103) a real 0-day runway (with spend) is genuinely critical — the alarm is not suppressed","status":"passed","title":"a real 0-day runway (with spend) is genuinely critical — the alarm is not suppressed","duration":1.043399999999565,"failureMessages":[],"meta":{}},{"ancestorTitles":["walletRunwayHealth (F-0103)"],"fullName":"walletRunwayHealth (F-0103) preserves the dashboard band (>14 warning, >30 healthy) unchanged","status":"passed","title":"preserves the dashboard band (>14 warning, >30 healthy) unchanged","duration":1.3377000000000407,"failureMessages":[],"meta":{}},{"ancestorTitles":["walletRunwayHealth (F-0103)"],"fullName":"walletRunwayHealth (F-0103) null and 0 are distinct — the collapse the bug made","status":"passed","title":"null and 0 are distinct — the collapse the bug made","duration":1.8611000000000786,"failureMessages":[],"meta":{}}],"startTime":1786852566967,"endTime":1786852566989.861,"status":"passed","message":"","name":"C:/Users/Sage world/Downloads/New Influora Ai/New Influora/src/lib/wallet-runway.test.ts"},{"assertionResults":[{"ancestorTitles":["BrandCampaignDetailPage — header Edit gated by ACTIVE status"],"fullName":"BrandCampaignDetailPage — header Edit gated by ACTIVE status disables Edit with a clear reason for an ACTIVE campaign","status":"passed","title":"disables Edit with a clear reason for an ACTIVE campaign","duration":1231.839399999997,"failureMessages":[],"meta":{}},{"ancestorTitles":["BrandCampaignDetailPage — header Edit gated by ACTIVE status"],"fullName":"BrandCampaignDetailPage — header Edit gated by ACTIVE status leaves Edit fully working (enabled, navigable) for a PAUSED campaign","status":"passed","title":"leaves Edit fully working (enabled, navigable) for a PAUSED campaign","duration":826.3779000000031,"failureMessages":[],"meta":{}},{"ancestorTitles":["BrandCampaignDetailPage — header Edit gated by ACTIVE status"],"fullName":"BrandCampaignDetailPage — header Edit gated by ACTIVE status leaves Edit fully working (enabled, navigable) for a DRAFT campaign","status":"passed","title":"leaves Edit fully working (enabled, navigable) for a DRAFT campaign","duration":649.4999000000025,"failureMessages":[],"meta":{}},{"ancestorTitles":["BrandCampaignDetailPage — header Edit gated by ACTIVE status"],"fullName":"BrandCampaignDetailPage — header Edit gated by ACTIVE status still hides Edit entirely for a COMPLETED campaign (pre-existing behavior, unchanged)","status":"passed","title":"still hides Edit entirely for a COMPLETED campaign (pre-existing behavior, unchanged)","duration":626.4687000000013,"failureMessages":[],"meta":{}},{"ancestorTitles":["BrandCampaignDetailPage — header Edit gated by ACTIVE status"],"fullName":"BrandCampaignDetailPage — header Edit gated by ACTIVE status Pause/Resume status-change action for an ACTIVE campaign is untouched by the Edit gate","status":"passed","title":"Pause/Resume status-change action for an ACTIVE campaign is untouched by the Edit gate","duration":1474.2664000000004,"failureMessages":[],"meta":{}}],"startTime":1786852535573,"endTime":1786852540382.2664,"status":"passed","message":"","name":"C:/Users/Sage world/Downloads/New Influora Ai/New Influora/src/pages/brand-campaign-detail-active-edit-gate.test.tsx"},{"assertionResults":[{"ancestorTitles":["dealToActiveCollaboratorView — contract fields survive the mapper"],"fullName":"dealToActiveCollaboratorView — contract fields survive the mapper carries contractId, contractStatus, rawStatus and dealValue through","status":"passed","title":"carries contractId, contractStatus, rawStatus and dealValue through","duration":6.981199999998353,"failureMessages":[],"meta":{}},{"ancestorTitles":["dealToActiveCollaboratorView — contract fields survive the mapper"],"fullName":"dealToActiveCollaboratorView — contract fields survive the mapper leaves the contract fields absent — not zeroed or faked — when no contract exists","status":"passed","title":"leaves the contract fields absent — not zeroed or faked — when no contract exists","duration":2.242000000002008,"failureMessages":[],"meta":{}},{"ancestorTitles":["dealToActiveCollaboratorView — contract fields survive the mapper"],"fullName":"dealToActiveCollaboratorView — contract fields survive the mapper does not disturb the fields the card already rendered","status":"passed","title":"does not disturb the fields the card already rendered","duration":5.792099999998754,"failureMessages":[],"meta":{}},{"ancestorTitles":["contractStatusLabel"],"fullName":"contractStatusLabel names the next action for each real ContractStatus","status":"passed","title":"names the next action for each real ContractStatus","duration":2.0398999999997613,"failureMessages":[],"meta":{}},{"ancestorTitles":["contractStatusLabel"],"fullName":"contractStatusLabel still offers the link when status is unknown — a contractId means a real contract","status":"passed","title":"still offers the link when status is unknown — a contractId means a real contract","duration":0.8015999999988708,"failureMessages":[],"meta":{}}],"startTime":1786852579469,"endTime":1786852579489.8015,"status":"passed","message":"","name":"C:/Users/Sage world/Downloads/New Influora Ai/New Influora/src/pages/brand-campaign-detail.contract-wiring.test.ts"},{"assertionResults":[{"ancestorTitles":["BrandChatPage — deal-room proposal"],"fullName":"BrandChatPage — deal-room proposal sends the proposal as a counter with the collected terms","status":"passed","title":"sends the proposal as a counter with the collected terms","duration":3231.560699999998,"failureMessages":[],"meta":{}},{"ancestorTitles":["BrandChatPage — deal-room proposal"],"fullName":"BrandChatPage — deal-room proposal surfaces a DEAL_NOT_NEGOTIABLE conflict instead of failing silently","status":"passed","title":"surfaces a DEAL_NOT_NEGOTIABLE conflict instead of failing silently","duration":1709.6712999999982,"failureMessages":[],"meta":{}},{"ancestorTitles":["BrandChatPage — deal-room proposal"],"fullName":"BrandChatPage — deal-room proposal hides Send Proposal once the deal is past negotiation","status":"passed","title":"hides Send Proposal once the deal is past negotiation","duration":451.72209999999905,"failureMessages":[],"meta":{}},{"ancestorTitles":["BrandChatPage — responding to a proposal"],"fullName":"BrandChatPage — responding to a proposal accepts the creator's offer as the brand","status":"passed","title":"accepts the creator's offer as the brand","duration":1060.9719000000005,"failureMessages":[],"meta":{}},{"ancestorTitles":["BrandChatPage — responding to a proposal"],"fullName":"BrandChatPage — responding to a proposal surfaces a failed accept instead of leaving the click silent","status":"passed","title":"surfaces a failed accept instead of leaving the click silent","duration":1275.134399999999,"failureMessages":[],"meta":{}},{"ancestorTitles":["BrandChatPage — responding to a proposal"],"fullName":"BrandChatPage — responding to a proposal offers Counter but not Accept on the brand's own offer","status":"passed","title":"offers Counter but not Accept on the brand's own offer","duration":571.445499999998,"failureMessages":[],"meta":{}},{"ancestorTitles":["BrandChatPage — responding to a proposal"],"fullName":"BrandChatPage — responding to a proposal hides both controls once the deal has left negotiation","status":"passed","title":"hides both controls once the deal has left negotiation","duration":610.0421999999999,"failureMessages":[],"meta":{}},{"ancestorTitles":["BrandChatPage — responding to a proposal"],"fullName":"BrandChatPage — responding to a proposal replaces a settled card republished under its original id, retiring the buttons","status":"passed","title":"replaces a settled card republished under its original id, retiring the buttons","duration":869.0663000000022,"failureMessages":[],"meta":{}},{"ancestorTitles":["BrandChatPage — responding to a proposal"],"fullName":"BrandChatPage — responding to a proposal re-reads the deal on a system frame, closing the gate with the card untouched","status":"passed","title":"re-reads the deal on a system frame, closing the gate with the card untouched","duration":880.5313999999998,"failureMessages":[],"meta":{}},{"ancestorTitles":["BrandChatPage — responding to a proposal"],"fullName":"BrandChatPage — responding to a proposal surfaces a failed deal refresh instead of leaving a stale gate silent","status":"passed","title":"surfaces a failed deal refresh instead of leaving a stale gate silent","duration":651.8199999999997,"failureMessages":[],"meta":{}},{"ancestorTitles":["BrandChatPage — responding to a proposal"],"fullName":"BrandChatPage — responding to a proposal opens the proposal wizard when Counter is clicked","status":"passed","title":"opens the proposal wizard when Counter is clicked","duration":1089.3330999999998,"failureMessages":[],"meta":{}},{"ancestorTitles":["BrandChatPage — responding to a proposal"],"fullName":"BrandChatPage — responding to a proposal suppresses the failure toast when a newer refresh already succeeded, but still logs","status":"passed","title":"suppresses the failure toast when a newer refresh already succeeded, but still logs","duration":910.273000000001,"failureMessages":[],"meta":{}}],"startTime":1786852500641,"endTime":1786852513956.273,"status":"passed","message":"","name":"C:/Users/Sage world/Downloads/New Influora Ai/New Influora/src/pages/brand-chat-proposal.test.tsx"},{"assertionResults":[{"ancestorTitles":["BrandChatPage — foreground resync (CR-93 / F-0110 — brand half)"],"fullName":"BrandChatPage — foreground resync (CR-93 / F-0110 — brand half) does nothing on the initial mount beyond the normal load","status":"passed","title":"does nothing on the initial mount beyond the normal load","duration":971.7520999999997,"failureMessages":[],"meta":{}},{"ancestorTitles":["BrandChatPage — foreground resync (CR-93 / F-0110 — brand half)"],"fullName":"BrandChatPage — foreground resync (CR-93 / F-0110 — brand half) refetches messages and the deal on becoming visible again","status":"passed","title":"refetches messages and the deal on becoming visible again","duration":593.6828000000005,"failureMessages":[],"meta":{}},{"ancestorTitles":["BrandChatPage — F-0151/F-0152: background resync must not blank or corrupt an already-rendered thread"],"fullName":"BrandChatPage — F-0151/F-0152: background resync must not blank or corrupt an already-rendered thread F-0151: a background resync (foreground visibility) never replaces an already-rendered thread with the loading spinner","status":"passed","title":"F-0151: a background resync (foreground visibility) never replaces an already-rendered thread with the loading spinner","duration":718.846599999999,"failureMessages":[],"meta":{}},{"ancestorTitles":["BrandChatPage — F-0151/F-0152: background resync must not blank or corrupt an already-rendered thread"],"fullName":"BrandChatPage — F-0151/F-0152: background resync must not blank or corrupt an already-rendered thread F-0152: a slower earlier request cannot overwrite a faster, newer request's result","status":"passed","title":"F-0152: a slower earlier request cannot overwrite a faster, newer request's result","duration":540.7963,"failureMessages":[],"meta":{}},{"ancestorTitles":["BrandChatPage — F-0151/F-0152: background resync must not blank or corrupt an already-rendered thread"],"fullName":"BrandChatPage — F-0151/F-0152: background resync must not blank or corrupt an already-rendered thread F-0152: a failed background resync leaves the already-rendered thread alone instead of wiping it","status":"passed","title":"F-0152: a failed background resync leaves the already-rendered thread alone instead of wiping it","duration":624.0861999999997,"failureMessages":[],"meta":{}},{"ancestorTitles":["BrandChatPage — F-0151/F-0152: background resync must not blank or corrupt an already-rendered thread"],"fullName":"BrandChatPage — F-0151/F-0152: background resync must not blank or corrupt an already-rendered thread F-0192: switching deals clears the previous deal's thread instead of bleeding it into the new deal","status":"passed","title":"F-0192: switching deals clears the previous deal's thread instead of bleeding it into the new deal","duration":1249.6309,"failureMessages":[],"meta":{}},{"ancestorTitles":["BrandChatPage — F-0195: loadDeliverables must not be corrupted by a stale, out-of-order response"],"fullName":"BrandChatPage — F-0195: loadDeliverables must not be corrupted by a stale, out-of-order response F-0195: a slow, stale deliverables response for a previously-selected deal cannot overwrite a newer deal's freshly-loaded rows","status":"passed","title":"F-0195: a slow, stale deliverables response for a previously-selected deal cannot overwrite a newer deal's freshly-loaded rows","duration":1645.8525000000009,"failureMessages":[],"meta":{}}],"startTime":1786852522630,"endTime":1786852528977.8525,"status":"passed","message":"","name":"C:/Users/Sage world/Downloads/New Influora Ai/New Influora/src/pages/brand-chat-visibility-resync.test.tsx"},{"assertionResults":[{"ancestorTitles":["PR-1 — creator profile track-record fields are never fabricated zeros"],"fullName":"PR-1 — creator profile track-record fields are never fabricated zeros creator with zero real reviews/campaigns: honest empty states, no fabricated zeros, no false attestation","status":"passed","title":"creator with zero real reviews/campaigns: honest empty states, no fabricated zeros, no false attestation","duration":981.6592,"failureMessages":[],"meta":{}},{"ancestorTitles":["PR-1 — creator profile track-record fields are never fabricated zeros"],"fullName":"PR-1 — creator profile track-record fields are never fabricated zeros creator with real reviews/campaigns: real numbers render, attestation only appears with real data","status":"passed","title":"creator with real reviews/campaigns: real numbers render, attestation only appears with real data","duration":311.1175000000003,"failureMessages":[],"meta":{}}],"startTime":1786852549958,"endTime":1786852551251.1174,"status":"passed","message":"","name":"C:/Users/Sage world/Downloads/New Influora Ai/New Influora/src/pages/brand-creator-profile-pr1.test.tsx"},{"assertionResults":[{"ancestorTitles":["brand-creator-profile — follower provenance (CR-119)"],"fullName":"brand-creator-profile — follower provenance (CR-119) labels every platform explicitly — never leaves provenance to badge-presence alone","status":"passed","title":"labels every platform explicitly — never leaves provenance to badge-presence alone","duration":6250.761,"failureMessages":[],"meta":{}},{"ancestorTitles":["brand-creator-profile — follower provenance (CR-119)"],"fullName":"brand-creator-profile — follower provenance (CR-119) YouTube is NOT presented as verified — no YouTube integration exists in this codebase","status":"passed","title":"YouTube is NOT presented as verified — no YouTube integration exists in this codebase","duration":450.748599999999,"failureMessages":[],"meta":{}},{"ancestorTitles":["brand-creator-profile — follower provenance (CR-119)"],"fullName":"brand-creator-profile — follower provenance (CR-119) Twitter is NOT presented as verified — no Twitter/X integration exists in this codebase","status":"passed","title":"Twitter is NOT presented as verified — no Twitter/X integration exists in this codebase","duration":456.384399999999,"failureMessages":[],"meta":{}},{"ancestorTitles":["brand-creator-profile — follower provenance (CR-119)"],"fullName":"brand-creator-profile — follower provenance (CR-119) Instagram — the one platform with a real OAuth integration — can read as Verified","status":"passed","title":"Instagram — the one platform with a real OAuth integration — can read as Verified","duration":409.0596999999998,"failureMessages":[],"meta":{}}],"startTime":1786852490964,"endTime":1786852498532.0598,"status":"passed","message":"","name":"C:/Users/Sage world/Downloads/New Influora Ai/New Influora/src/pages/brand-creator-profile-provenance.test.tsx"},{"assertionResults":[{"ancestorTitles":["BrandDisputesPage"],"fullName":"BrandDisputesPage renders heading and mock dispute rows","status":"passed","title":"renders heading and mock dispute rows","duration":566.2492999999995,"failureMessages":[],"meta":{}},{"ancestorTitles":["BrandDisputesPage"],"fullName":"BrandDisputesPage shows empty state when list is empty","status":"passed","title":"shows empty state when list is empty","duration":36.485500000000684,"failureMessages":[],"meta":{}},{"ancestorTitles":["BrandDisputesPage"],"fullName":"BrandDisputesPage shows error alert and retries on Try again","status":"passed","title":"shows error alert and retries on Try again","duration":221.40669999999955,"failureMessages":[],"meta":{}},{"ancestorTitles":["BrandDisputesPage"],"fullName":"BrandDisputesPage renders a neutral Disputed badge when a row carries no disputeStatus","status":"passed","title":"renders a neutral Disputed badge when a row carries no disputeStatus","duration":45.13880000000063,"failureMessages":[],"meta":{}}],"startTime":1786852546301,"endTime":1786852547171.139,"status":"passed","message":"","name":"C:/Users/Sage world/Downloads/New Influora Ai/New Influora/src/pages/brand-disputes.test.tsx"},{"assertionResults":[{"ancestorTitles":["BrandMessagesPage — ?creator= URL matching against CreatorProfile id"],"fullName":"BrandMessagesPage — ?creator= URL matching against CreatorProfile id opens the EXISTING conversation when arriving via a CreatorProfile id that has a real deal","status":"passed","title":"opens the EXISTING conversation when arriving via a CreatorProfile id that has a real deal","duration":845.2273999999998,"failureMessages":[],"meta":{}},{"ancestorTitles":["BrandMessagesPage — ?creator= URL matching against CreatorProfile id"],"fullName":"BrandMessagesPage — ?creator= URL matching against CreatorProfile id still shows the honest \"no conversation yet\" empty state for a genuine no-deal creator (no false positive)","status":"passed","title":"still shows the honest \"no conversation yet\" empty state for a genuine no-deal creator (no false positive)","duration":106.83469999999943,"failureMessages":[],"meta":{}},{"ancestorTitles":["BrandMessagesPage — ?creator= URL matching against CreatorProfile id"],"fullName":"BrandMessagesPage — ?creator= URL matching against CreatorProfile id does NOT match on the User id (pre-fix regression guard)","status":"passed","title":"does NOT match on the User id (pre-fix regression guard)","duration":144.41430000000037,"failureMessages":[],"meta":{}}],"startTime":1786852556754,"endTime":1786852557849.4143,"status":"passed","message":"","name":"C:/Users/Sage world/Downloads/New Influora Ai/New Influora/src/pages/brand-messages.test.tsx"},{"assertionResults":[{"ancestorTitles":["BrandRegisterPage — email OTP gate"],"fullName":"BrandRegisterPage — email OTP gate registers directly when the server does not require OTP","status":"passed","title":"registers directly when the server does not require OTP","duration":7407.146399999998,"failureMessages":[],"meta":{}},{"ancestorTitles":["BrandRegisterPage — email OTP gate"],"fullName":"BrandRegisterPage — email OTP gate sends and verifies an OTP before registering when the server requires it","status":"passed","title":"sends and verifies an OTP before registering when the server requires it","duration":6584.789800000002,"failureMessages":[],"meta":{}},{"ancestorTitles":["BrandRegisterPage — email OTP gate"],"fullName":"BrandRegisterPage — email OTP gate returns to the form when registration fails after verification","status":"passed","title":"returns to the form when registration fails after verification","duration":5414.0694,"failureMessages":[],"meta":{}}],"startTime":1786852497226,"endTime":1786852516632.0693,"status":"passed","message":"","name":"C:/Users/Sage world/Downloads/New Influora Ai/New Influora/src/pages/brand-register.test.tsx"},{"assertionResults":[{"ancestorTitles":["CreatorAnalyticsPage"],"fullName":"CreatorAnalyticsPage renders analytics header and demo-data banner in mock mode","status":"passed","title":"renders analytics header and demo-data banner in mock mode","duration":464.28989999999976,"failureMessages":[],"meta":{}},{"ancestorTitles":["CreatorAnalyticsPage"],"fullName":"CreatorAnalyticsPage shows mock metric card titles after load","status":"passed","title":"shows mock metric card titles after load","duration":534.7608,"failureMessages":[],"meta":{}}],"startTime":1786852554130,"endTime":1786852555129.7607,"status":"passed","message":"","name":"C:/Users/Sage world/Downloads/New Influora Ai/New Influora/src/pages/creator-analytics.test.tsx"},{"assertionResults":[{"ancestorTitles":["CreatorCampaignDetailPage — stale-response race (CR-11 static-sweep hardening)"],"fullName":"CreatorCampaignDetailPage — stale-response race (CR-11 static-sweep hardening) a slow campaign-A response landing after navigating to campaign B does not overwrite B","status":"passed","title":"a slow campaign-A response landing after navigating to campaign B does not overwrite B","duration":639.6315999999988,"failureMessages":[],"meta":{}},{"ancestorTitles":["CreatorCampaignDetailPage — stale-response race (CR-11 static-sweep hardening)"],"fullName":"CreatorCampaignDetailPage — stale-response race (CR-11 static-sweep hardening) a normal single load (no race) still works","status":"passed","title":"a normal single load (no race) still works","duration":82.96979999999894,"failureMessages":[],"meta":{}}],"startTime":1786852557655,"endTime":1786852558378.9697,"status":"passed","message":"","name":"C:/Users/Sage world/Downloads/New Influora Ai/New Influora/src/pages/creator-campaign-detail-stale-response.test.tsx"},{"assertionResults":[{"ancestorTitles":["CreatorCampaignDetailPage — applied-status label (CR-55 / F-0105)"],"fullName":"CreatorCampaignDetailPage — applied-status label (CR-55 / F-0105) never renders the raw CANCELLED enum — shows the canonical \"Closed\" label","status":"passed","title":"never renders the raw CANCELLED enum — shows the canonical \"Closed\" label","duration":328.6808000000001,"failureMessages":[],"meta":{}},{"ancestorTitles":["CreatorCampaignDetailPage — applied-status label (CR-55 / F-0105)"],"fullName":"CreatorCampaignDetailPage — applied-status label (CR-55 / F-0105) labels a status the old local map never covered at all (COMPLETED)","status":"passed","title":"labels a status the old local map never covered at all (COMPLETED)","duration":75.3791999999994,"failureMessages":[],"meta":{}},{"ancestorTitles":["CreatorCampaignDetailPage — applied-status label (CR-55 / F-0105)"],"fullName":"CreatorCampaignDetailPage — applied-status label (CR-55 / F-0105) still labels a status the old map DID cover, unchanged","status":"passed","title":"still labels a status the old map DID cover, unchanged","duration":59.02570000000014,"failureMessages":[],"meta":{}}],"startTime":1786852565159,"endTime":1786852565622.0256,"status":"passed","message":"","name":"C:/Users/Sage world/Downloads/New Influora Ai/New Influora/src/pages/creator-campaign-detail-status-label.test.tsx"},{"assertionResults":[{"ancestorTitles":["CreatorChatPage — bare-invite Accept/Decline fallback"],"fullName":"CreatorChatPage — bare-invite Accept/Decline fallback shows the invite-response card (not \"No messages yet\") for a zero-message, still-acceptable deal, and wires Accept to api.deals.accept","status":"passed","title":"shows the invite-response card (not \"No messages yet\") for a zero-message, still-acceptable deal, and wires Accept to api.deals.accept","duration":3532.8858,"failureMessages":[],"meta":{}},{"ancestorTitles":["CreatorChatPage — bare-invite Accept/Decline fallback"],"fullName":"CreatorChatPage — bare-invite Accept/Decline fallback wires Decline to api.deals.reject with the real deal id","status":"passed","title":"wires Decline to api.deals.reject with the real deal id","duration":2560.1046000000024,"failureMessages":[],"meta":{}},{"ancestorTitles":["CreatorChatPage — bare-invite Accept/Decline fallback"],"fullName":"CreatorChatPage — bare-invite Accept/Decline fallback regression: a deal WITH a real proposal message still shows the original priced proposal card, not the bare-invite fallback","status":"passed","title":"regression: a deal WITH a real proposal message still shows the original priced proposal card, not the bare-invite fallback","duration":2572.2106999999996,"failureMessages":[],"meta":{}},{"ancestorTitles":["CreatorChatPage — bare-invite Accept/Decline fallback"],"fullName":"CreatorChatPage — bare-invite Accept/Decline fallback CR-02: does NOT show the bare-invite card (or any Accept control) for the creator's own zero-message APPLIED application","status":"passed","title":"CR-02: does NOT show the bare-invite card (or any Accept control) for the creator's own zero-message APPLIED application","duration":1310.8709999999992,"failureMessages":[],"meta":{}},{"ancestorTitles":["CreatorChatPage — bare-invite Accept/Decline fallback"],"fullName":"CreatorChatPage — bare-invite Accept/Decline fallback CR-02: does NOT show the bare-invite card for an already-settled, zero-message TERMS_AGREED deal — falls back to the plain empty state","status":"passed","title":"CR-02: does NOT show the bare-invite card for an already-settled, zero-message TERMS_AGREED deal — falls back to the plain empty state","duration":1488.4279999999999,"failureMessages":[],"meta":{}}],"startTime":1786852502166,"endTime":1786852513631.428,"status":"passed","message":"","name":"C:/Users/Sage world/Downloads/New Influora Ai/New Influora/src/pages/creator-chat-bare-invite.test.tsx"},{"assertionResults":[{"ancestorTitles":["CreatorChatPage — refreshDeal staleness guard (CR-29 / W2-L1)"],"fullName":"CreatorChatPage — refreshDeal staleness guard (CR-29 / W2-L1) mounts the room for the deal named in ?deal=","status":"passed","title":"mounts the room for the deal named in ?deal=","duration":1499.460000000001,"failureMessages":[],"meta":{}},{"ancestorTitles":["CreatorChatPage — refreshDeal staleness guard (CR-29 / W2-L1)"],"fullName":"CreatorChatPage — refreshDeal staleness guard (CR-29 / W2-L1) toasts a failed refresh when it is still the newest one","status":"passed","title":"toasts a failed refresh when it is still the newest one","duration":1067.8379999999997,"failureMessages":[],"meta":{}},{"ancestorTitles":["CreatorChatPage — refreshDeal staleness guard (CR-29 / W2-L1)"],"fullName":"CreatorChatPage — refreshDeal staleness guard (CR-29 / W2-L1) suppresses the failure toast when a newer refresh already succeeded, but still logs","status":"passed","title":"suppresses the failure toast when a newer refresh already succeeded, but still logs","duration":1912.2853000000032,"failureMessages":[],"meta":{}}],"startTime":1786852531964,"endTime":1786852536443.2854,"status":"passed","message":"","name":"C:/Users/Sage world/Downloads/New Influora Ai/New Influora/src/pages/creator-chat-refresh.test.tsx"},{"assertionResults":[{"ancestorTitles":["CreatorChatPage — \"Verified Brand\" badge honesty (M-1, BrandF.md §83c/§87)"],"fullName":"CreatorChatPage — \"Verified Brand\" badge honesty (M-1, BrandF.md §83c/§87) does NOT render \"Verified Brand\" for an UNVERIFIED brand","status":"passed","title":"does NOT render \"Verified Brand\" for an UNVERIFIED brand","duration":1375.367400000001,"failureMessages":[],"meta":{}},{"ancestorTitles":["CreatorChatPage — \"Verified Brand\" badge honesty (M-1, BrandF.md §83c/§87)"],"fullName":"CreatorChatPage — \"Verified Brand\" badge honesty (M-1, BrandF.md §83c/§87) does NOT render \"Verified Brand\" for a PENDING brand","status":"passed","title":"does NOT render \"Verified Brand\" for a PENDING brand","duration":1230.4574999999986,"failureMessages":[],"meta":{}},{"ancestorTitles":["CreatorChatPage — \"Verified Brand\" badge honesty (M-1, BrandF.md §83c/§87)"],"fullName":"CreatorChatPage — \"Verified Brand\" badge honesty (M-1, BrandF.md §83c/§87) does NOT render \"Verified Brand\" when the field is null (brand counterparty missing/unresolved)","status":"passed","title":"does NOT render \"Verified Brand\" when the field is null (brand counterparty missing/unresolved)","duration":931.4390000000003,"failureMessages":[],"meta":{}},{"ancestorTitles":["CreatorChatPage — \"Verified Brand\" badge honesty (M-1, BrandF.md §83c/§87)"],"fullName":"CreatorChatPage — \"Verified Brand\" badge honesty (M-1, BrandF.md §83c/§87) DOES render \"Verified Brand\" for a VERIFIED brand","status":"passed","title":"DOES render \"Verified Brand\" for a VERIFIED brand","duration":1112.8536000000004,"failureMessages":[],"meta":{}}],"startTime":1786852527970,"endTime":1786852532620.8535,"status":"passed","message":"","name":"C:/Users/Sage world/Downloads/New Influora Ai/New Influora/src/pages/creator-chat-verified-badge.test.tsx"},{"assertionResults":[{"ancestorTitles":["CreatorChatPage — foreground resync (CR-93 / F-0110 — creator half)"],"fullName":"CreatorChatPage — foreground resync (CR-93 / F-0110 — creator half) does nothing on the initial mount beyond the normal load","status":"passed","title":"does nothing on the initial mount beyond the normal load","duration":1831.0478999999996,"failureMessages":[],"meta":{}},{"ancestorTitles":["CreatorChatPage — foreground resync (CR-93 / F-0110 — creator half)"],"fullName":"CreatorChatPage — foreground resync (CR-93 / F-0110 — creator half) refetches messages and the deal on becoming visible again","status":"passed","title":"refetches messages and the deal on becoming visible again","duration":1599.6485000000011,"failureMessages":[],"meta":{}},{"ancestorTitles":["CreatorChatPage — foreground resync (CR-93 / F-0110 — creator half)"],"fullName":"CreatorChatPage — foreground resync (CR-93 / F-0110 — creator half) F-0192: switching deals clears the previous deal's thread instead of bleeding it into the new deal","status":"passed","title":"F-0192: switching deals clears the previous deal's thread instead of bleeding it into the new deal","duration":2948.763499999999,"failureMessages":[],"meta":{}}],"startTime":1786852523347,"endTime":1786852529726.7634,"status":"passed","message":"","name":"C:/Users/Sage world/Downloads/New Influora Ai/New Influora/src/pages/creator-chat-visibility-resync.test.tsx"},{"assertionResults":[{"ancestorTitles":["CreatorCouponsPage"],"fullName":"CreatorCouponsPage renders page title inside creator layout","status":"passed","title":"renders page title inside creator layout","duration":370.6733999999997,"failureMessages":[],"meta":{}},{"ancestorTitles":["CreatorCouponsPage"],"fullName":"CreatorCouponsPage shows mock coupon codes after load","status":"passed","title":"shows mock coupon codes after load","duration":636.393,"failureMessages":[],"meta":{}}],"startTime":1786852554174,"endTime":1786852555181.393,"status":"passed","message":"","name":"C:/Users/Sage world/Downloads/New Influora Ai/New Influora/src/pages/creator-coupons.test.tsx"},{"assertionResults":[{"ancestorTitles":["CreatorDashboardPage"],"fullName":"CreatorDashboardPage greets the creator by first name after load","status":"passed","title":"greets the creator by first name after load","duration":655.387999999999,"failureMessages":[],"meta":{}},{"ancestorTitles":["CreatorDashboardPage"],"fullName":"CreatorDashboardPage shows available balance and active deals cards","status":"passed","title":"shows available balance and active deals cards","duration":1142.7415,"failureMessages":[],"meta":{}},{"ancestorTitles":["CreatorDashboardPage"],"fullName":"CreatorDashboardPage renders quick links to deals, campaigns, and wallet","status":"passed","title":"renders quick links to deals, campaigns, and wallet","duration":260.6261000000013,"failureMessages":[],"meta":{}},{"ancestorTitles":["CreatorDashboardPage"],"fullName":"CreatorDashboardPage CR-51: batches the pending-deliverable lookup into one listForDeals call, not one per deal","status":"passed","title":"CR-51: batches the pending-deliverable lookup into one listForDeals call, not one per deal","duration":269.5042000000012,"failureMessages":[],"meta":{}}],"startTime":1786852539869,"endTime":1786852542200.5042,"status":"passed","message":"","name":"C:/Users/Sage world/Downloads/New Influora Ai/New Influora/src/pages/creator-dashboard.test.tsx"},{"assertionResults":[{"ancestorTitles":["CreatorDealsPage"],"fullName":"CreatorDealsPage renders deals header and status filter chips","status":"passed","title":"renders deals header and status filter chips","duration":633.6530999999995,"failureMessages":[],"meta":{}},{"ancestorTitles":["CreatorDealsPage"],"fullName":"CreatorDealsPage renders a live-shaped deal via the mapper without crashing (P0 regression)","status":"passed","title":"renders a live-shaped deal via the mapper without crashing (P0 regression)","duration":202.03100000000086,"failureMessages":[],"meta":{}},{"ancestorTitles":["CreatorDealsPage"],"fullName":"CreatorDealsPage F-0168-followup: seeds the active filter from ?status= on mount — App.tsx's /creator/inbox redirect and CR-59's \"New tab in Deals\" cross-link both promise this and neither worked before","status":"passed","title":"F-0168-followup: seeds the active filter from ?status= on mount — App.tsx's /creator/inbox redirect and CR-59's \"New tab in Deals\" cross-link both promise this and neither worked before","duration":85.28909999999996,"failureMessages":[],"meta":{}},{"ancestorTitles":["CreatorDealsPage"],"fullName":"CreatorDealsPage F-0168-followup: an unrecognized ?status= value falls back to \"all\", same as no param at all","status":"passed","title":"F-0168-followup: an unrecognized ?status= value falls back to \"all\", same as no param at all","duration":68.73680000000058,"failureMessages":[],"meta":{}}],"startTime":1786852553278,"endTime":1786852554267.7368,"status":"passed","message":"","name":"C:/Users/Sage world/Downloads/New Influora Ai/New Influora/src/pages/creator-deals.test.tsx"},{"assertionResults":[{"ancestorTitles":["CreatorDisputesPage"],"fullName":"CreatorDisputesPage renders heading inside creator layout and loads via api.creatorDisputes","status":"passed","title":"renders heading inside creator layout and loads via api.creatorDisputes","duration":955.1122000000014,"failureMessages":[],"meta":{}},{"ancestorTitles":["CreatorDisputesPage"],"fullName":"CreatorDisputesPage shows only own disputes from list() — no foreign fabricated rows","status":"passed","title":"shows only own disputes from list() — no foreign fabricated rows","duration":226.3081999999995,"failureMessages":[],"meta":{}},{"ancestorTitles":["CreatorDisputesPage"],"fullName":"CreatorDisputesPage renders all five lifecycle labels correctly","status":"passed","title":"renders all five lifecycle labels correctly","duration":508.02750000000015,"failureMessages":[],"meta":{}},{"ancestorTitles":["CreatorDisputesPage"],"fullName":"CreatorDisputesPage shows honest empty eligible-deals copy (no fabricated select options)","status":"passed","title":"shows honest empty eligible-deals copy (no fabricated select options)","duration":114.22620000000097,"failureMessages":[],"meta":{}},{"ancestorTitles":["CreatorDisputesPage"],"fullName":"CreatorDisputesPage does not offer a second-active-dispute path when eligible list is empty","status":"passed","title":"does not offer a second-active-dispute path when eligible list is empty","duration":59.26730000000316,"failureMessages":[],"meta":{}},{"ancestorTitles":["CreatorDisputesPage"],"fullName":"CreatorDisputesPage opens a dispute via api.creatorDisputes.open with trimmed reason","status":"passed","title":"opens a dispute via api.creatorDisputes.open with trimmed reason","duration":6018.674499999997,"failureMessages":[],"meta":{}},{"ancestorTitles":["CreatorDisputesPage"],"fullName":"CreatorDisputesPage surfaces DISPUTE_ALREADY_OPEN from open() — no silent second-active UX","status":"passed","title":"surfaces DISPUTE_ALREADY_OPEN from open() — no silent second-active UX","duration":4716.8449999999975,"failureMessages":[],"meta":{}},{"ancestorTitles":["CreatorDisputesPage"],"fullName":"CreatorDisputesPage links dispute cards to creator deal room","status":"passed","title":"links dispute cards to creator deal room","duration":165.4857000000011,"failureMessages":[],"meta":{}},{"ancestorTitles":["CreatorDisputesPage"],"fullName":"CreatorDisputesPage shows list error and retries on Try again","status":"passed","title":"shows list error and retries on Try again","duration":306.98939999999857,"failureMessages":[],"meta":{}},{"ancestorTitles":["CreatorDisputesPage"],"fullName":"CreatorDisputesPage renders a neutral Disputed badge when a row carries no disputeStatus","status":"passed","title":"renders a neutral Disputed badge when a row carries no disputeStatus","duration":130.23329999999987,"failureMessages":[],"meta":{}}],"startTime":1786852497245,"endTime":1786852510447.2334,"status":"passed","message":"","name":"C:/Users/Sage world/Downloads/New Influora Ai/New Influora/src/pages/creator-disputes.test.tsx"},{"assertionResults":[{"ancestorTitles":["CreatorMetaCallbackPage"],"fullName":"CreatorMetaCallbackPage CR-105: passes accountType through to setLocalConnectionState on a successful callback","status":"passed","title":"CR-105: passes accountType through to setLocalConnectionState on a successful callback","duration":335.1907999999994,"failureMessages":[],"meta":{}},{"ancestorTitles":["CreatorMetaCallbackPage"],"fullName":"CreatorMetaCallbackPage CR-105: passes accountType:'personal' through to setLocalConnectionState too — not just 'business'","status":"passed","title":"CR-105: passes accountType:'personal' through to setLocalConnectionState too — not just 'business'","duration":45.22110000000066,"failureMessages":[],"meta":{}},{"ancestorTitles":["CreatorMetaCallbackPage"],"fullName":"CreatorMetaCallbackPage CR-103/F-0116: a personal-account response (connected:false) never claims \"Account connected\"","status":"passed","title":"CR-103/F-0116: a personal-account response (connected:false) never claims \"Account connected\"","duration":77.51320000000032,"failureMessages":[],"meta":{}},{"ancestorTitles":["CreatorMetaCallbackPage"],"fullName":"CreatorMetaCallbackPage CR-103/F-0116: connected:false with no accountType gets a generic incomplete message, not a false claim","status":"passed","title":"CR-103/F-0116: connected:false with no accountType gets a generic incomplete message, not a false claim","duration":78.28240000000005,"failureMessages":[],"meta":{}},{"ancestorTitles":["CreatorMetaCallbackPage"],"fullName":"CreatorMetaCallbackPage F-0164: a personal-account response during onboarding-resume shows the \"Business account needed\" explanation instead of auto-redirecting straight back into the wizard","status":"passed","title":"F-0164: a personal-account response during onboarding-resume shows the \"Business account needed\" explanation instead of auto-redirecting straight back into the wizard","duration":250.52439999999933,"failureMessages":[],"meta":{}},{"ancestorTitles":["CreatorMetaCallbackPage"],"fullName":"CreatorMetaCallbackPage CR-120: a real connection during onboarding-resume still auto-redirects straight back into the wizard","status":"passed","title":"CR-120: a real connection during onboarding-resume still auto-redirects straight back into the wizard","duration":49.63920000000053,"failureMessages":[],"meta":{}},{"ancestorTitles":["CreatorMetaCallbackPage"],"fullName":"CreatorMetaCallbackPage CR-109: a failed callback clears the local connection mirror instead of leaving it stale","status":"passed","title":"CR-109: a failed callback clears the local connection mirror instead of leaving it stale","duration":61.20859999999993,"failureMessages":[],"meta":{}},{"ancestorTitles":["CreatorMetaCallbackPage"],"fullName":"CreatorMetaCallbackPage CR-109: an oauth error redirect (no code) also clears the local connection mirror","status":"passed","title":"CR-109: an oauth error redirect (no code) also clears the local connection mirror","duration":51.71799999999985,"failureMessages":[],"meta":{}},{"ancestorTitles":["CreatorMetaCallbackPage"],"fullName":"CreatorMetaCallbackPage CR-118: a known error code gets its own message","status":"passed","title":"CR-118: a known error code gets its own message","duration":83.85550000000057,"failureMessages":[],"meta":{}},{"ancestorTitles":["CreatorMetaCallbackPage"],"fullName":"CreatorMetaCallbackPage CR-118: an unrecognized error is NEVER reflected verbatim — generic message only","status":"passed","title":"CR-118: an unrecognized error is NEVER reflected verbatim — generic message only","duration":56.88770000000022,"failureMessages":[],"meta":{}},{"ancestorTitles":["CreatorMetaCallbackPage"],"fullName":"CreatorMetaCallbackPage F-0181: __proto__ as ?error= is an Object.prototype key, not a real error code — must still fall through to the generic message, not crash or leak","status":"passed","title":"F-0181: __proto__ as ?error= is an Object.prototype key, not a real error code — must still fall through to the generic message, not crash or leak","duration":43.230900000000474,"failureMessages":[],"meta":{}},{"ancestorTitles":["CreatorMetaCallbackPage"],"fullName":"CreatorMetaCallbackPage F-0181: constructor as ?error= is an Object.prototype key, not a real error code — must still fall through to the generic message, not crash or leak","status":"passed","title":"F-0181: constructor as ?error= is an Object.prototype key, not a real error code — must still fall through to the generic message, not crash or leak","duration":38.90679999999975,"failureMessages":[],"meta":{}},{"ancestorTitles":["CreatorMetaCallbackPage"],"fullName":"CreatorMetaCallbackPage F-0181: toString as ?error= is an Object.prototype key, not a real error code — must still fall through to the generic message, not crash or leak","status":"passed","title":"F-0181: toString as ?error= is an Object.prototype key, not a real error code — must still fall through to the generic message, not crash or leak","duration":61.95059999999921,"failureMessages":[],"meta":{}},{"ancestorTitles":["CreatorMetaCallbackPage"],"fullName":"CreatorMetaCallbackPage F-0181: valueOf as ?error= is an Object.prototype key, not a real error code — must still fall through to the generic message, not crash or leak","status":"passed","title":"F-0181: valueOf as ?error= is an Object.prototype key, not a real error code — must still fall through to the generic message, not crash or leak","duration":48.16849999999977,"failureMessages":[],"meta":{}},{"ancestorTitles":["CreatorMetaCallbackPage"],"fullName":"CreatorMetaCallbackPage F-0181: hasOwnProperty as ?error= is an Object.prototype key, not a real error code — must still fall through to the generic message, not crash or leak","status":"passed","title":"F-0181: hasOwnProperty as ?error= is an Object.prototype key, not a real error code — must still fall through to the generic message, not crash or leak","duration":60.59519999999975,"failureMessages":[],"meta":{}},{"ancestorTitles":["CreatorMetaCallbackPage"],"fullName":"CreatorMetaCallbackPage CR-66: \"Try Again\" re-runs the OAuth flow instead of just navigating to Settings","status":"passed","title":"CR-66: \"Try Again\" re-runs the OAuth flow instead of just navigating to Settings","duration":326.95600000000104,"failureMessages":[],"meta":{}},{"ancestorTitles":["CreatorMetaCallbackPage"],"fullName":"CreatorMetaCallbackPage F-0168: \"Try Again\" re-persists the captured return path before redirecting, so a retried connect still returns to the deal room instead of falling back to Settings","status":"passed","title":"F-0168: \"Try Again\" re-persists the captured return path before redirecting, so a retried connect still returns to the deal room instead of falling back to Settings","duration":193.5691999999999,"failureMessages":[],"meta":{}}],"startTime":1786852538209,"endTime":1786852540074.569,"status":"passed","message":"","name":"C:/Users/Sage world/Downloads/New Influora Ai/New Influora/src/pages/creator-meta-callback.test.tsx"},{"assertionResults":[{"ancestorTitles":["creator-portfolio-public — follower provenance (CR-119)"],"fullName":"creator-portfolio-public — follower provenance (CR-119) states provenance on the hero pills even when the platform-stats grid is HIDDEN","status":"passed","title":"states provenance on the hero pills even when the platform-stats grid is HIDDEN","duration":425.6717000000008,"failureMessages":[],"meta":{}},{"ancestorTitles":["creator-portfolio-public — follower provenance (CR-119)"],"fullName":"creator-portfolio-public — follower provenance (CR-119) states provenance on BOTH surfaces when the platform-stats grid is visible","status":"passed","title":"states provenance on BOTH surfaces when the platform-stats grid is visible","duration":192.2472999999991,"failureMessages":[],"meta":{}},{"ancestorTitles":["creator-portfolio-public — follower provenance (CR-119)"],"fullName":"creator-portfolio-public — follower provenance (CR-119) a platform with no real integration is never presented as verified","status":"passed","title":"a platform with no real integration is never presented as verified","duration":128.69930000000022,"failureMessages":[],"meta":{}},{"ancestorTitles":["creator-portfolio-public — real mock-mode fixture provenance (CR-119)"],"fullName":"creator-portfolio-public — real mock-mode fixture provenance (CR-119) the shipped mock fixture never claims a YouTube follower count is platform-verified","status":"passed","title":"the shipped mock fixture never claims a YouTube follower count is platform-verified","duration":3310.4006999999983,"failureMessages":[],"meta":{}}],"startTime":1786852542210,"endTime":1786852546269.4006,"status":"passed","message":"","name":"C:/Users/Sage world/Downloads/New Influora Ai/New Influora/src/pages/creator-portfolio-public-provenance.test.tsx"},{"assertionResults":[{"ancestorTitles":["CreatorRegisterPage — email OTP gate"],"fullName":"CreatorRegisterPage — email OTP gate registers directly when the server does not require OTP","status":"passed","title":"registers directly when the server does not require OTP","duration":4641.7492999999995,"failureMessages":[],"meta":{}},{"ancestorTitles":["CreatorRegisterPage — email OTP gate"],"fullName":"CreatorRegisterPage — email OTP gate sends and verifies an OTP before registering when the server requires it","status":"passed","title":"sends and verifies an OTP before registering when the server requires it","duration":4130.358199999999,"failureMessages":[],"meta":{}},{"ancestorTitles":["CreatorRegisterPage — email OTP gate"],"fullName":"CreatorRegisterPage — email OTP gate keeps the user on the form when the OTP cannot be delivered","status":"passed","title":"keeps the user on the form when the OTP cannot be delivered","duration":3833.2944000000025,"failureMessages":[],"meta":{}}],"startTime":1786852497078,"endTime":1786852509683.2944,"status":"passed","message":"","name":"C:/Users/Sage world/Downloads/New Influora Ai/New Influora/src/pages/creator-register.test.tsx"},{"assertionResults":[{"ancestorTitles":["CreatorReviewsPage"],"fullName":"CreatorReviewsPage renders page title and description inside creator layout","status":"passed","title":"renders page title and description inside creator layout","duration":367.3724000000002,"failureMessages":[],"meta":{}},{"ancestorTitles":["CreatorReviewsPage"],"fullName":"CreatorReviewsPage shows Rate brands tab and mock rateable deal in demo mode","status":"passed","title":"shows Rate brands tab and mock rateable deal in demo mode","duration":218.07569999999942,"failureMessages":[],"meta":{}}],"startTime":1786852558712,"endTime":1786852559298.0757,"status":"passed","message":"","name":"C:/Users/Sage world/Downloads/New Influora Ai/New Influora/src/pages/creator-reviews.test.tsx"},{"assertionResults":[{"ancestorTitles":["CreatorSettingsPage — Change Password (CR-87 / F-0108)"],"fullName":"CreatorSettingsPage — Change Password (CR-87 / F-0108) submits the entered passwords to api.auth.changePassword and confirms success","status":"passed","title":"submits the entered passwords to api.auth.changePassword and confirms success","duration":8063.5687,"failureMessages":[],"meta":{}},{"ancestorTitles":["CreatorSettingsPage — Change Password (CR-87 / F-0108)"],"fullName":"CreatorSettingsPage — Change Password (CR-87 / F-0108) rejects a submit with any field left empty, client-side, without calling the API","status":"passed","title":"rejects a submit with any field left empty, client-side, without calling the API","duration":4828.174000000003,"failureMessages":[],"meta":{}},{"ancestorTitles":["CreatorSettingsPage — Change Password (CR-87 / F-0108)"],"fullName":"CreatorSettingsPage — Change Password (CR-87 / F-0108) rejects mismatched new/confirm passwords client-side without calling the API","status":"passed","title":"rejects mismatched new/confirm passwords client-side without calling the API","duration":5452.1561,"failureMessages":[],"meta":{}},{"ancestorTitles":["CreatorSettingsPage — Change Password (CR-87 / F-0108)"],"fullName":"CreatorSettingsPage — Change Password (CR-87 / F-0108) rejects a too-short new password client-side without calling the API","status":"passed","title":"rejects a too-short new password client-side without calling the API","duration":3455.574099999998,"failureMessages":[],"meta":{}},{"ancestorTitles":["CreatorSettingsPage — Change Password (CR-87 / F-0108)"],"fullName":"CreatorSettingsPage — Change Password (CR-87 / F-0108) surfaces the server error message on a rejected current password, and keeps the dialog open","status":"passed","title":"surfaces the server error message on a rejected current password, and keeps the dialog open","duration":5848.187099999996,"failureMessages":[],"meta":{}}],"startTime":1786852497942,"endTime":1786852525590.187,"status":"passed","message":"","name":"C:/Users/Sage world/Downloads/New Influora Ai/New Influora/src/pages/creator-settings-change-password.test.tsx"},{"assertionResults":[{"ancestorTitles":["CreatorSettingsPage — ConnectedAccounts mount (CR-101 / F-0114)"],"fullName":"CreatorSettingsPage — ConnectedAccounts mount (CR-101 / F-0114) renders the Connected Accounts card","status":"passed","title":"renders the Connected Accounts card","duration":1229.4231,"failureMessages":[],"meta":{}},{"ancestorTitles":["CreatorSettingsPage — ConnectedAccounts mount (CR-101 / F-0114)"],"fullName":"CreatorSettingsPage — ConnectedAccounts mount (CR-101 / F-0114) reflects real connection status from useMetaConnection, not a static placeholder","status":"passed","title":"reflects real connection status from useMetaConnection, not a static placeholder","duration":792.140800000001,"failureMessages":[],"meta":{}}],"startTime":1786852549208,"endTime":1786852551230.1409,"status":"passed","message":"","name":"C:/Users/Sage world/Downloads/New Influora Ai/New Influora/src/pages/creator-settings-connected-accounts.test.tsx"},{"assertionResults":[{"ancestorTitles":["CreatorSettingsPage — logout clears the full creator session (CR-32)"],"fullName":"CreatorSettingsPage — logout clears the full creator session (CR-32) renders the Danger Zone logout control","status":"passed","title":"renders the Danger Zone logout control","duration":1384.0589999999993,"failureMessages":[],"meta":{}},{"ancestorTitles":["CreatorSettingsPage — logout clears the full creator session (CR-32)"],"fullName":"CreatorSettingsPage — logout clears the full creator session (CR-32) removes every creator_* key, not just the token","status":"passed","title":"removes every creator_* key, not just the token","duration":1290.4645999999993,"failureMessages":[],"meta":{}},{"ancestorTitles":["CreatorSettingsPage — logout clears the full creator session (CR-32)"],"fullName":"CreatorSettingsPage — logout clears the full creator session (CR-32) does not leave a name for the next creator to inherit","status":"passed","title":"does not leave a name for the next creator to inherit","duration":1110.4308999999994,"failureMessages":[],"meta":{}},{"ancestorTitles":["CreatorSettingsPage — logout clears the full creator session (CR-32)"],"fullName":"CreatorSettingsPage — logout clears the full creator session (CR-32) still clears the local session when the server logout call fails","status":"passed","title":"still clears the local session when the server logout call fails","duration":1111.7376999999997,"failureMessages":[],"meta":{}}],"startTime":1786852527855,"endTime":1786852532752.7378,"status":"passed","message":"","name":"C:/Users/Sage world/Downloads/New Influora Ai/New Influora/src/pages/creator-settings-logout.test.tsx"},{"assertionResults":[{"ancestorTitles":["creator-wallet Payouts tab — real payout history (CR-77)"],"fullName":"creator-wallet Payouts tab — real payout history (CR-77) reads GET /wallet/payouts rather than deriving from wallet transactions","status":"passed","title":"reads GET /wallet/payouts rather than deriving from wallet transactions","duration":1201.9776000000002,"failureMessages":[],"meta":{}},{"ancestorTitles":["creator-wallet Payouts tab — real payout history (CR-77)"],"fullName":"creator-wallet Payouts tab — real payout history (CR-77) a FAILED payout says so, and never claims a settlement date","status":"passed","title":"a FAILED payout says so, and never claims a settlement date","duration":284.3032999999996,"failureMessages":[],"meta":{}},{"ancestorTitles":["creator-wallet Payouts tab — real payout history (CR-77)"],"fullName":"creator-wallet Payouts tab — real payout history (CR-77) the status badge is NOT colour-inverted: failed reads Failed, settled reads Paid","status":"passed","title":"the status badge is NOT colour-inverted: failed reads Failed, settled reads Paid","duration":271.0634000000009,"failureMessages":[],"meta":{}},{"ancestorTitles":["creator-wallet Payouts tab — real payout history (CR-77)"],"fullName":"creator-wallet Payouts tab — real payout history (CR-77) an in-progress payout uses a real, defined design token, not a mistyped class","status":"passed","title":"an in-progress payout uses a real, defined design token, not a mistyped class","duration":205.60900000000038,"failureMessages":[],"meta":{}},{"ancestorTitles":["creator-wallet Payouts tab — real payout history (CR-77)"],"fullName":"creator-wallet Payouts tab — real payout history (CR-77) states the missing breakdown in words rather than shipping placeholder columns","status":"passed","title":"states the missing breakdown in words rather than shipping placeholder columns","duration":200.1792000000005,"failureMessages":[],"meta":{}},{"ancestorTitles":["creator-wallet Payouts tab — real payout history (CR-77)"],"fullName":"creator-wallet Payouts tab — real payout history (CR-77) an error clears the list rather than leaving stale rows on a money screen","status":"passed","title":"an error clears the list rather than leaving stale rows on a money screen","duration":408.58910000000105,"failureMessages":[],"meta":{}}],"startTime":1786852539086,"endTime":1786852541659.589,"status":"passed","message":"","name":"C:/Users/Sage world/Downloads/New Influora Ai/New Influora/src/pages/creator-wallet-payouts.test.tsx"},{"assertionResults":[{"ancestorTitles":["CreatorWalletPage — withdraw Idempotency-Key lifecycle (P-4)"],"fullName":"CreatorWalletPage — withdraw Idempotency-Key lifecycle (P-4) reuses the same Idempotency-Key when the user retries after a failed withdrawal","status":"passed","title":"reuses the same Idempotency-Key when the user retries after a failed withdrawal","duration":3257.7781000000014,"failureMessages":[],"meta":{}},{"ancestorTitles":["CreatorWalletPage — withdraw Idempotency-Key lifecycle (P-4)"],"fullName":"CreatorWalletPage — withdraw Idempotency-Key lifecycle (P-4) does not fire a second request with a different key when Withdraw is clicked again before the first response returns","status":"passed","title":"does not fire a second request with a different key when Withdraw is clicked again before the first response returns","duration":1715.1044000000002,"failureMessages":[],"meta":{}},{"ancestorTitles":["CreatorWalletPage — withdraw Idempotency-Key lifecycle (P-4)"],"fullName":"CreatorWalletPage — withdraw Idempotency-Key lifecycle (P-4) mints a fresh Idempotency-Key for a new withdrawal after a prior one succeeded","status":"passed","title":"mints a fresh Idempotency-Key for a new withdrawal after a prior one succeeded","duration":3105.0339000000004,"failureMessages":[],"meta":{}}],"startTime":1786852496470,"endTime":1786852504548.034,"status":"passed","message":"","name":"C:/Users/Sage world/Downloads/New Influora Ai/New Influora/src/pages/creator-wallet-withdraw-idempotency.test.tsx"},{"assertionResults":[{"ancestorTitles":["CreatorWalletPage"],"fullName":"CreatorWalletPage renders wallet header and withdraw CTA","status":"passed","title":"renders wallet header and withdraw CTA","duration":927.1644000000006,"failureMessages":[],"meta":{}},{"ancestorTitles":["CreatorWalletPage"],"fullName":"CreatorWalletPage shows platform fee percent after mock fetch (G-Kv3-A3)","status":"passed","title":"shows platform fee percent after mock fetch (G-Kv3-A3)","duration":613.8039000000008,"failureMessages":[],"meta":{}},{"ancestorTitles":["CreatorWalletPage"],"fullName":"CreatorWalletPage renders payouts / history / tax tabs in demo mode","status":"passed","title":"renders payouts / history / tax tabs in demo mode","duration":177.57800000000043,"failureMessages":[],"meta":{}}],"startTime":1786852539904,"endTime":1786852541622.578,"status":"passed","message":"","name":"C:/Users/Sage world/Downloads/New Influora Ai/New Influora/src/pages/creator-wallet.test.tsx"},{"assertionResults":[{"ancestorTitles":["ConnectedAccounts — Granted permissions (CR-104)"],"fullName":"ConnectedAccounts — Granted permissions (CR-104) renders only the scopes the backend reports as actually granted, not a fixed requested set","status":"passed","title":"renders only the scopes the backend reports as actually granted, not a fixed requested set","duration":334.6761000000006,"failureMessages":[],"meta":{}},{"ancestorTitles":["ConnectedAccounts — Granted permissions (CR-104)"],"fullName":"ConnectedAccounts — Granted permissions (CR-104) a declined permission never shows up as granted even though it was requested server-side","status":"passed","title":"a declined permission never shows up as granted even though it was requested server-side","duration":126.3252999999986,"failureMessages":[],"meta":{}},{"ancestorTitles":["ConnectedAccounts — Granted permissions (CR-104)"],"fullName":"ConnectedAccounts — Granted permissions (CR-104) scopes === null (backend permissions check failed) renders an honest \"could not verify\" message, not a full-grant list","status":"passed","title":"scopes === null (backend permissions check failed) renders an honest \"could not verify\" message, not a full-grant list","duration":106.68319999999949,"failureMessages":[],"meta":{}},{"ancestorTitles":["ConnectedAccounts — Granted permissions (CR-104)"],"fullName":"ConnectedAccounts — Granted permissions (CR-104) not connected: no permissions section renders at all","status":"passed","title":"not connected: no permissions section renders at all","duration":137.18780000000152,"failureMessages":[],"meta":{}},{"ancestorTitles":["ConnectedAccounts — disconnect (CR-102 / F-0115)"],"fullName":"ConnectedAccounts — disconnect (CR-102 / F-0115) no Disconnect control exists when not connected","status":"passed","title":"no Disconnect control exists when not connected","duration":74.73959999999897,"failureMessages":[],"meta":{}},{"ancestorTitles":["ConnectedAccounts — disconnect (CR-102 / F-0115)"],"fullName":"ConnectedAccounts — disconnect (CR-102 / F-0115) shows a confirmation dialog before disconnecting — a click alone does not call the API","status":"passed","title":"shows a confirmation dialog before disconnecting — a click alone does not call the API","duration":796.8557999999994,"failureMessages":[],"meta":{}},{"ancestorTitles":["ConnectedAccounts — disconnect (CR-102 / F-0115)"],"fullName":"ConnectedAccounts — disconnect (CR-102 / F-0115) the confirmation copy makes only the claim the code actually backs — syncing stops, not brand visibility","status":"passed","title":"the confirmation copy makes only the claim the code actually backs — syncing stops, not brand visibility","duration":209.6266999999989,"failureMessages":[],"meta":{}},{"ancestorTitles":["ConnectedAccounts — disconnect (CR-102 / F-0115)"],"fullName":"ConnectedAccounts — disconnect (CR-102 / F-0115) calls api.metaOAuth.disconnect and refreshes status on confirm","status":"passed","title":"calls api.metaOAuth.disconnect and refreshes status on confirm","duration":371.6207999999988,"failureMessages":[],"meta":{}},{"ancestorTitles":["ConnectedAccounts — disconnect (CR-102 / F-0115)"],"fullName":"ConnectedAccounts — disconnect (CR-102 / F-0115) a failed disconnect shows an error toast and keeps the dialog open for retry","status":"passed","title":"a failed disconnect shows an error toast and keeps the dialog open for retry","duration":350.928899999999,"failureMessages":[],"meta":{}}],"startTime":1786852539521,"endTime":1786852542045.929,"status":"passed","message":"","name":"C:/Users/Sage world/Downloads/New Influora Ai/New Influora/src/components/creator/connected-accounts.test.tsx"},{"assertionResults":[{"ancestorTitles":["CreatorLayout — desktop sidebar account trigger accessible name (F-0170)"],"fullName":"CreatorLayout — desktop sidebar account trigger accessible name (F-0170) has a non-empty accessible name before identity has resolved","status":"passed","title":"has a non-empty accessible name before identity has resolved","duration":4869.9167,"failureMessages":[],"meta":{}},{"ancestorTitles":["CreatorLayout — desktop sidebar account trigger
[...]
{"ancestorTitles":["remember-me token storage (CR-121)"],"fullName":"remember-me token storage (CR-121) remember=false writes to sessionStorage, not localStorage","status":"passed","title":"remember=false writes to sessionStorage, not localStorage","duration":2.9805999999998676,"failureMessages":[],"meta":{}},{"ancestorTitles":["remember-me token storage (CR-121)"],"fullName":"remember-me token storage (CR-121) a later call with no `remember` argument (the token-refresh path) preserves the prior preference — session-only login is not silently upgraded to persistent","status":"passed","title":"a later call with no `remember` argument (the token-refresh path) preserves the prior preference — session-only login is not silently upgraded to persistent","duration":2.6675999999997657,"failureMessages":[],"meta":{}},{"ancestorTitles":["remember-me token storage (CR-121)"],"fullName":"remember-me token storage (CR-121) every pre-existing call site (no remember argument at all) keeps defaulting to localStorage — unchanged prior behavior","status":"passed","title":"every pre-existing call site (no remember argument at all) keeps defaulting to localStorage — unchanged prior behavior","duration":1.2094999999999345,"failureMessages":[],"meta":{}},{"ancestorTitles":["remember-me token storage (CR-121)"],"fullName":"remember-me token storage (CR-121) brand and creator roles do not share or leak each other's remember preference","status":"passed","title":"brand and creator roles do not share or leak each other's remember preference","duration":1.8152000000000044,"failureMessages":[],"meta":{}}],"startTime":1786852570781,"endTime":1786852570798.8152,"status":"passed","message":"","name":"C:/Users/Sage world/Downloads/New Influora Ai/New Influora/src/lib/__tests__/remember-me-token-storage.test.ts"},{"assertionResults":[{"ancestorTitles":["DailySuggestionSection — no_suggestion_today (CR-64 / F-0107)"],"fullName":"DailySuggestionSection — no_suggestion_today (CR-64 / F-0107) renders the purpose-built empty state, not a blank page, when dismissed carries no suggestion","status":"passed","title":"renders the purpose-built empty state, not a blank page, when dismissed carries no suggestion","duration":158.35689999999977,"failureMessages":[],"meta":{}},{"ancestorTitles":["DailySuggestionSection — no_suggestion_today (CR-64 / F-0107)"],"fullName":"DailySuggestionSection — no_suggestion_today (CR-64 / F-0107) still renders the \"Next one tomorrow\" card when dismissed carries a real suggestion","status":"passed","title":"still renders the \"Next one tomorrow\" card when dismissed carries a real suggestion","duration":69.28749999999945,"failureMessages":[],"meta":{}},{"ancestorTitles":["DailySuggestionSection — no_suggestion_today (CR-64 / F-0107)"],"fullName":"DailySuggestionSection — no_suggestion_today (CR-64 / F-0107) renders the ready card unaffected","status":"passed","title":"renders the ready card unaffected","duration":69.92779999999948,"failureMessages":[],"meta":{}},{"ancestorTitles":["DailySuggestionSection — no_suggestion_today (CR-64 / F-0107)"],"fullName":"DailySuggestionSection — no_suggestion_today (CR-64 / F-0107) renders the pending_tagging empty state unaffected","status":"passed","title":"renders the pending_tagging empty state unaffected","duration":12.785100000000057,"failureMessages":[],"meta":{}},{"ancestorTitles":["DailySuggestionSection — no_suggestion_today (CR-64 / F-0107)"],"fullName":"DailySuggestionSection — no_suggestion_today (CR-64 / F-0107) renders the Connect Instagram prompt unaffected when not yet connected","status":"passed","title":"renders the Connect Instagram prompt unaffected when not yet connected","duration":203.58379999999943,"failureMessages":[],"meta":{}},{"ancestorTitles":["DailySuggestionSection — no_suggestion_today (CR-64 / F-0107)"],"fullName":"DailySuggestionSection — no_suggestion_today (CR-64 / F-0107) renders the business-account-required prompt unaffected for a personal IG account","status":"passed","title":"renders the business-account-required prompt unaffected for a personal IG account","duration":36.63760000000002,"failureMessages":[],"meta":{}},{"ancestorTitles":["DailySuggestionSection — no_suggestion_today (CR-64 / F-0107)"],"fullName":"DailySuggestionSection — no_suggestion_today (CR-64 / F-0107) renders the error state with a working retry, unaffected","status":"passed","title":"renders the error state with a working retry, unaffected","duration":35.91600000000017,"failureMessages":[],"meta":{}}],"startTime":1786852557581,"endTime":1786852558169.916,"status":"passed","message":"","name":"C:/Users/Sage world/Downloads/New Influora Ai/New Influora/src/components/creator/copilot/DailySuggestionSection.test.tsx"},{"assertionResults":[{"ancestorTitles":["CreatorContractCard — no fabricated ₹50,000 fallback"],"fullName":"CreatorContractCard — no fabricated ₹50,000 fallback never renders ₹50,000 when amount is undefined (missing)","status":"passed","title":"never renders ₹50,000 when amount is undefined (missing)","duration":257.03709999999955,"failureMessages":[],"meta":{}},{"ancestorTitles":["CreatorContractCard — no fabricated ₹50,000 fallback"],"fullName":"CreatorContractCard — no fabricated ₹50,000 fallback never renders ₹50,000 when amount is explicitly 0","status":"passed","title":"never renders ₹50,000 when amount is explicitly 0","duration":166.34510000000046,"failureMessages":[],"meta":{}},{"ancestorTitles":["CreatorContractCard — no fabricated ₹50,000 fallback"],"fullName":"CreatorContractCard — no fabricated ₹50,000 fallback renders the real amount when present, untouched by any fallback","status":"passed","title":"renders the real amount when present, untouched by any fallback","duration":55.09519999999975,"failureMessages":[],"meta":{}}],"startTime":1786852557915,"endTime":1786852558393.0952,"status":"passed","message":"","name":"C:/Users/Sage world/Downloads/New Influora Ai/New Influora/src/components/creator/deal-room/creator-contract-card.test.tsx"},{"assertionResults":[{"ancestorTitles":["DeliverableSubmission — CR-53 retry-only-submit after successful upload"],"fullName":"DeliverableSubmission — CR-53 retry-only-submit after successful upload keeps the file/caption and offers \"Retry Submit\" when the error is tagged uploaded:true","status":"passed","title":"keeps the file/caption and offers \"Retry Submit\" when the error is tagged uploaded:true","duration":3151.6585,"failureMessages":[],"meta":{}},{"ancestorTitles":["DeliverableSubmission — CR-53 retry-only-submit after successful upload"],"fullName":"DeliverableSubmission — CR-53 retry-only-submit after successful upload shows the generic error (no \"Retry Submit\" label) when the error is not tagged uploaded","status":"passed","title":"shows the generic error (no \"Retry Submit\" label) when the error is not tagged uploaded","duration":1466.1567999999997,"failureMessages":[],"meta":{}},{"ancestorTitles":["DeliverableSubmission — CR-53 retry-only-submit after successful upload"],"fullName":"DeliverableSubmission — CR-53 retry-only-submit after successful upload clears the retry-only state once a new file is picked","status":"passed","title":"clears the retry-only state once a new file is picked","duration":1775.4465999999993,"failureMessages":[],"meta":{}}],"startTime":1786852507503,"endTime":1786852513897.4465,"status":"passed","message":"","name":"C:/Users/Sage world/Downloads/New Influora Ai/New Influora/src/components/creator/deal-room/deliverable-submission.test.tsx"},{"assertionResults":[{"ancestorTitles":["dashboard EMPTY_WALLET zero-state (F-0103)"],"fullName":"dashboard EMPTY_WALLET zero-state (F-0103) uses null (unknown), not a critical-triggering 0, for runwayDays","status":"passed","title":"uses null (unknown), not a critical-triggering 0, for runwayDays","duration":6.9012000000002445,"failureMessages":[],"meta":{}},{"ancestorTitles":["dashboard EMPTY_WALLET zero-state (F-0103)"],"fullName":"dashboard EMPTY_WALLET zero-state (F-0103) classifies the unknown/error wallet state as healthy, never critical","status":"passed","title":"classifies the unknown/error wallet state as healthy, never critical","duration":2.3927999999996246,"failureMessages":[],"meta":{}}],"startTime":1786852573879,"endTime":1786852573888.3928,"status":"passed","message":"","name":"C:/Users/Sage world/Downloads/New Influora Ai/New Influora/src/components/brand/dashboard/dashboard-empty-wallet.test.ts"},{"assertionResults":[{"ancestorTitles":["DashboardPage — wallet runway (D-1)"],"fullName":"DashboardPage — wallet runway (D-1) renders a dormant-but-funded wallet (runwayDays omitted/null) as healthy, not critical","status":"passed","title":"renders a dormant-but-funded wallet (runwayDays omitted/null) as healthy, not critical","duration":605.7232999999997,"failureMessages":[],"meta":{}},{"ancestorTitles":["DashboardPage — wallet runway (D-1)"],"fullName":"DashboardPage — wallet runway (D-1) still renders a genuinely low-runway wallet (runwayDays: 5) as critical","status":"passed","title":"still renders a genuinely low-runway wallet (runwayDays: 5) as critical","duration":198.1818000000003,"failureMessages":[],"meta":{}}],"startTime":1786852555968,"endTime":1786852556772.182,"status":"passed","message":"","name":"C:/Users/Sage world/Downloads/New Influora Ai/New Influora/src/components/brand/dashboard/dashboard-page.test.tsx"},{"assertionResults":[{"ancestorTitles":["CampaignsList — Edit gated by ACTIVE status"],"fullName":"CampaignsList — Edit gated by ACTIVE status disables Edit with a clear reason for an ACTIVE campaign","status":"passed","title":"disables Edit with a clear reason for an ACTIVE campaign","duration":2011.1443,"failureMessages":[],"meta":{}},{"ancestorTitles":["CampaignsList — Edit gated by ACTIVE status"],"fullName":"CampaignsList — Edit gated by ACTIVE status leaves Edit fully working for a PAUSED campaign (no regression)","status":"passed","title":"leaves Edit fully working for a PAUSED campaign (no regression)","duration":1033.6232,"failureMessages":[],"meta":{}},{"ancestorTitles":["CampaignsList — Edit gated by ACTIVE status"],"fullName":"CampaignsList — Edit gated by ACTIVE status leaves Edit fully working for a DRAFT campaign (no regression)","status":"passed","title":"leaves Edit fully working for a DRAFT campaign (no regression)","duration":832.2430000000004,"failureMessages":[],"meta":{}},{"ancestorTitles":["CampaignsList — Edit gated by ACTIVE status"],"fullName":"CampaignsList — Edit gated by ACTIVE status Pause/Resume status-change control for an ACTIVE campaign is untouched by the Edit gate","status":"passed","title":"Pause/Resume status-change control for an ACTIVE campaign is untouched by the Edit gate","duration":754.1396000000004,"failureMessages":[],"meta":{}}],"startTime":1786852522072,"endTime":1786852526704.1396,"status":"passed","message":"","name":"C:/Users/Sage world/Downloads/New Influora Ai/New Influora/src/components/brand/campaigns/campaigns-list-active-edit-gate.test.tsx"},{"assertionResults":[{"ancestorTitles":["CampaignsList — server-side pagination (D-2)"],"fullName":"CampaignsList — server-side pagination (D-2) requests page 1 at the 100-row server ceiling, shows the total count, and renders a Load more control instead of silently truncating","status":"passed","title":"requests page 1 at the 100-row server ceiling, shows the total count, and renders a Load more control instead of silently truncating","duration":7094.478800000001,"failureMessages":[],"meta":{}},{"ancestorTitles":["CampaignsList — server-side pagination (D-2)"],"fullName":"CampaignsList — server-side pagination (D-2) Load more fetches page 2 and appends the previously-unreachable 101st campaign","status":"passed","title":"Load more fetches page 2 and appends the previously-unreachable 101st campaign","duration":10428.4028,"failureMessages":[],"meta":{}}],"startTime":1786852497790,"endTime":1786852515313.4028,"status":"passed","message":"","name":"C:/Users/Sage world/Downloads/New Influora Ai/New Influora/src/components/brand/campaigns/campaigns-list.test.tsx"},{"assertionResults":[{"ancestorTitles":["DealRoomDashboard — actor-side refresh (CR-98 / F-0112)"],"fullName":"DealRoomDashboard — actor-side refresh (CR-98 / F-0112) refetches messages (not just deals) after the brand accepts its own proposal","status":"passed","title":"refetches messages (not just deals) after the brand accepts its own proposal","duration":2682.753199999999,"failureMessages":[],"meta":{}},{"ancestorTitles":["DealRoomDashboard — actor-side refresh (CR-98 / F-0112)"],"fullName":"DealRoomDashboard — actor-side refresh (CR-98 / F-0112) refetches messages after the brand rejects its own proposal","status":"passed","title":"refetches messages after the brand rejects its own proposal","duration":1878.7140999999992,"failureMessages":[],"meta":{}},{"ancestorTitles":["DealRoomDashboard — actor-side refresh (CR-98 / F-0112)"],"fullName":"DealRoomDashboard — actor-side refresh (CR-98 / F-0112) refetches messages after the brand sends a counter offer","status":"passed","title":"refetches messages after the brand sends a counter offer","duration":2617.941499999999,"failureMessages":[],"meta":{}}],"startTime":1786852507103,"endTime":1786852514282.9414,"status":"passed","message":"","name":"C:/Users/Sage world/Downloads/New Influora Ai/New Influora/src/components/brand/deals/deal-room-dashboard-actor-refresh.test.tsx"},{"assertionResults":[{"ancestorTitles":["DealRoomDashboard — View Profile navigates to the real counterparty (F-0157)"],"fullName":"DealRoomDashboard — View Profile navigates to the real counterparty (F-0157) navigates to the deal's real counterpartyId, never the hardcoded creator-1 fixture","status":"passed","title":"navigates to the deal's real counterpartyId, never the hardcoded creator-1 fixture","duration":1709.374099999999,"failureMessages":[],"meta":{}}],"startTime":1786852548297,"endTime":1786852550006.374,"status":"passed","message":"","name":"C:/Users/Sage world/Downloads/New Influora Ai/New Influora/src/components/brand/deals/deal-room-dashboard-view-profile.test.tsx"},{"assertionResults":[{"ancestorTitles":["CreatorDiscovery — redirect to the conversation it just opened"],"fullName":"CreatorDiscovery — redirect to the conversation it just opened sends a priced offer, then redirects to THAT creator’s deal room","status":"passed","title":"sends a priced offer, then redirects to THAT creator’s deal room","duration":3812.5226999999995,"failureMessages":[],"meta":{}},{"ancestorTitles":["CreatorDiscovery — redirect to the conversation it just opened"],"fullName":"CreatorDiscovery — redirect to the conversation it just opened sends an unpriced invite, then redirects to THAT creator’s deal room","status":"passed","title":"sends an unpriced invite, then redirects to THAT creator’s deal room","duration":2795.7031000000006,"failureMessages":[],"meta":{}}],"startTime":1786852526587,"endTime":1786852533195.7031,"status":"passed","message":"","name":"C:/Users/Sage world/Downloads/New Influora Ai/New Influora/src/components/brand/discover/creator-discovery-redirect.test.tsx"},{"assertionResults":[{"ancestorTitles":["CreatorDiscovery — invite vs priced offer"],"fullName":"CreatorDiscovery — invite vs priced offer sends a priced offer via deals.create when a budget is set","status":"passed","title":"sends a priced offer via deals.create when a budget is set","duration":4129.070899999999,"failureMessages":[],"meta":{}},{"ancestorTitles":["CreatorDiscovery — invite vs priced offer"],"fullName":"CreatorDiscovery — invite vs priced offer falls back to creators.invite when the budget is cleared to zero","status":"passed","title":"falls back to creators.invite when the budget is cleared to zero","duration":3160.7364000000016,"failureMessages":[],"meta":{}},{"ancestorTitles":["CreatorDiscovery — invite vs priced offer"],"fullName":"CreatorDiscovery — invite vs priced offer explains a COLLABORATION_EXISTS conflict instead of asking the brand to retry","status":"passed","title":"explains a COLLABORATION_EXISTS conflict instead of asking the brand to retry","duration":3087.2793999999994,"failureMessages":[],"meta":{}}],"startTime":1786852498417,"endTime":1786852508794.2793,"status":"passed","message":"","name":"C:/Users/Sage world/Downloads/New Influora Ai/New Influora/src/components/brand/discover/creator-discovery.test.tsx"},{"assertionResults":[{"ancestorTitles":["FundEscrowStatus (F-0131)"],"fullName":"FundEscrowStatus (F-0131) renders a polite role=status live region","status":"passed","title":"renders a polite role=status live region","duration":240.16739999999936,"failureMessages":[],"meta":{}},{"ancestorTitles":["FundEscrowStatus (F-0131)"],"fullName":"FundEscrowStatus (F-0131) announces the FundEscrowButton becoming available once a campaign is selected","status":"passed","title":"announces the FundEscrowButton becoming available once a campaign is selected","duration":10.74749999999949,"failureMessages":[],"meta":{}},{"ancestorTitles":["FundEscrowStatus (F-0131)"],"fullName":"FundEscrowStatus (F-0131) announces loading, and the two distinct empty states","status":"passed","title":"announces loading, and the two distinct empty states","duration":1.2244000000000597,"failureMessages":[],"meta":{}},{"ancestorTitles":["FundEscrowStatus (F-0131)"],"fullName":"FundEscrowStatus (F-0131) prompts selection when campaigns exist but none is chosen yet","status":"passed","title":"prompts selection when campaigns exist but none is chosen yet","duration":0.7184999999999491,"failureMessages":[],"meta":{}},{"ancestorTitles":["FundEscrowStatus (F-0131)"],"fullName":"FundEscrowStatus (F-0131) falls back gracefully when the selected title cannot be resolved","status":"passed","title":"falls back gracefully when the selected title cannot be resolved","duration":0.6346999999996115,"failureMessages":[],"meta":{}}],"startTime":1786852561959,"endTime":1786852562212.6348,"status":"passed","message":"","name":"C:/Users/Sage world/Downloads/New Influora Ai/New Influora/src/components/brand/wallet/FundEscrowStatus.test.tsx"},{"assertionResults":[{"ancestorTitles":["ProposalEventCard — DeliverableSlot[] metadata must not crash the render"],"fullName":"ProposalEventCard — DeliverableSlot[] metadata must not crash the render renders the live slot-array shape as a count instead of throwing React #31","status":"passed","title":"renders the live slot-array shape as a count instead of throwing React #31","duration":238.39979999999923,"failureMessages":[],"meta":{}},{"ancestorTitles":["ProposalEventCard — DeliverableSlot[] metadata must not crash the render"],"fullName":"ProposalEventCard — DeliverableSlot[] metadata must not crash the render falls back to the slot-array length when deliverableCount is absent","status":"passed","title":"falls back to the slot-array length when deliverableCount is absent","duration":34.32930000000124,"failureMessages":[],"meta":{}},{"ancestorTitles":["ProposalEventCard — DeliverableSlot[] metadata must not crash the render"],"fullName":"ProposalEventCard — DeliverableSlot[] metadata must not crash the render still renders pre-2026-07-26 proposals that stored a plain count","status":"passed","title":"still renders pre-2026-07-26 proposals that stored a plain count","duration":27.638999999999214,"failureMessages":[],"meta":{}},{"ancestorTitles":["ProposalEventCard — DeliverableSlot[] metadata must not crash the render"],"fullName":"ProposalEventCard — DeliverableSlot[] metadata must not crash the render says so honestly when the proposal carries no deliverable information","status":"passed","title":"says so honestly when the proposal carries no deliverable information","duration":28.115200000000186,"failureMessages":[],"meta":{}}],"startTime":1786852566106,"endTime":1786852566435.1152,"status":"passed","message":"","name":"C:/Users/Sage world/Downloads/New Influora Ai/New Influora/src/components/brand/timeline/event-cards/proposal-card.test.tsx"}]}